-------------------------------------------------------------------------------
Test set: LoginTest
-------------------------------------------------------------------------------
Tests run: 5, Failures: 1, Errors: 0, Skipped: 0, Time elapsed: 73.17 s <<< FAILURE! - in LoginTest
requiredFieldInAuthorization(LoginTest)  Time elapsed: 65.676 s  <<< FAILURE!
java.lang.AssertionError: 
1 expectation failed.
Expected status code <400> but was <504>.

	at LoginTest.requiredFieldInAuthorization(LoginTest.java:50)

