<?xml version="1.0" encoding="UTF-8"?>
<testsuite xmlns:xsi="http://www.w3.org/2001/XMLSchema-instance" xsi:noNamespaceSchemaLocation="https://maven.apache.org/surefire/maven-surefire-plugin/xsd/surefire-test-report.xsd" name="LoginTest" time="73.17" tests="5" errors="0" skipped="0" failures="1">
  <properties>
[...]
</properties>
  <testcase name="emptyLogin" classname="LoginTest" time="0.724"/>
  <testcase name="tryAuthorizationNotExistUser" classname="LoginTest" time="0.556"/>
  <testcase name="wrongLoginOrPassword" classname="LoginTest" time="0.628"/>
  <testcase name="requiredFieldInAuthorization" classname="LoginTest" time="65.676">
    <failure message="1 expectation failed.&#10;Expected status code &lt;400&gt; but was &lt;504&gt;.&#10;" type="java.lang.AssertionError"><![CDATA[java.lang.AssertionError: 
1 expectation failed.
Expected status code <400> but was <504>.

	at LoginTest.requiredFieldInAuthorization(LoginTest.java:50)
]]></failure>
  </testcase>
  <testcase name="getAuthorization" classname="LoginTest" time="5.563"/>
</testsuite>